Generate auto test cases.
 ... IGNORED, File needn't to be updated.
 ... IGNORED, File needn't to be updated.
 ... CREATED
 ... IGNORED, File needn't to be updated.
Test file: .\v1a1\semantic.svs ... FAILED, Some error occur when compiler executed.
 ... CREATED
 ... CREATED
Test file: .\v1a1\struct_semin.svs ... FAILED, Some error occur when compiler executed.

Generate: 3 created, 0 updated, 3 skipped
